<?xml version="1.0" encoding="UTF-8"?>
<!-- Generated by org.testng.reporters.JUnitReportReporter -->
<testsuite hostname="DESKTOP-HK1HHOV" failures="0" tests="1" name="com.actitime.TimeTrack.ValidLoginTest" time="8.654" errors="0" timestamp="2022-03-30T16:19:12 IST" skipped="0">
  <testcase classname="com.actitime.TimeTrack.ValidLoginTest" name="loginToApp" time="8.654"/>
  <system-out>
    <![CDATA[Enter Time Track Page is Displayed, PASS]]>
  </system-out>
</testsuite> <!-- com.actitime.TimeTrack.ValidLoginTest -->
