<?xml version="1.0" encoding="UTF-8"?>
<!-- Generated by org.testng.reporters.JUnitReportReporter -->
<testsuite hostname="DESKTOP-EVNKM3L" failures="0" tests="1" name="com.actitime.Tasks.VerifyTasksTest" time="8.609" errors="0" timestamp="2022-05-05T13:00:28 IST" skipped="0">
  <testcase classname="com.actitime.Tasks.VerifyTasksTest" name="verifyTasks" time="8.609"/>
  <system-out>
    <![CDATA[verifyTasks method started
Enter Time Track Page is Displayed, PASS
Tasks List Page is Displayed, PASS
verifyTasks method passed]]>
  </system-out>
</testsuite> <!-- com.actitime.Tasks.VerifyTasksTest -->
